[    0.000000] Initializing cgroup subsys cpuset
[    0.000000] Initializing cgroup subsys cpu
[    0.000000] Initializing cgroup subsys cpuacct
[    0.000000] Linux version 4.4.0-210-generic (buildd@lgw01-amd64-009) (gcc version 5.4.0 20160609 (Ubuntu 5.4.0-6ubuntu1~16.04.12) ) #242-Ubuntu SMP Fri Apr 16 09:57:56 UTC 2021 (Ubuntu 4.4.0-210.242-generic 4.4.262)
[    0.000000] Command line: BOOT_IMAGE=/boot/vmlinuz-4.4.0-210-generic root=LABEL=cloudimg-rootfs ro console=tty1 console=ttyS0
[    0.000000] KERNEL supported cpus:
[    0.000000]   Intel GenuineIntel
[    0.000000]   AMD AuthenticAMD
[    0.000000]   Centaur CentaurHauls
[    0.000000] x86/fpu: xstate_offset[2]:  576, xstate_sizes[2]:  256
[    0.000000] x86/fpu: Supporting XSAVE feature 0x01: 'x87 floating point registers'
[    0.000000] x86/fpu: Supporting XSAVE feature 0x02: 'SSE registers'
[    0.000000] x86/fpu: Supporting XSAVE feature 0x04: 'AVX registers'
[    0.000000] x86/fpu: Enabled xstate features 0x7, context size is 832 bytes, using 'standard' format.
[    0.000000] e820: BIOS-provided physical RAM map:
[    0.000000] BIOS-e820: [mem 0x0000000000000000-0x000000000009fbff] usable
[    0.000000] BIOS-e820: [mem 0x000000000009fc00-0x000000000009ffff] reserved
[    0.000000] BIOS-e820: [mem 0x00000000000f0000-0x00000000000fffff] reserved
[    0.000000] BIOS-e820: [mem 0x0000000000100000-0x000000007ffeffff] usable
[    0.000000] BIOS-e820: [mem 0x000000007fff0000-0x000000007fffffff] ACPI data
[    0.000000] BIOS-e820: [mem 0x00000000fec00000-0x00000000fec00fff] reserved
[    0.000000] BIOS-e820: [mem 0x00000000fee00000-0x00000000fee00fff] reserved
[    0.000000] BIOS-e820: [mem 0x00000000fffc0000-0x00000000ffffffff] reserved
[    0.000000] NX (Execute Disable) protection: active
[    0.000000] SMBIOS 2.5 present.
[    0.000000] Hypervisor detected: KVM
[    0.000000] e820: last_pfn = 0x7fff0 max_arch_pfn = 0x400000000
[    0.000000] MTRR: Disabled
[    0.000000] x86/PAT: MTRRs disabled, skipping PAT initialization too.
[    0.000000] CPU MTRRs all blank - virtualized system.
[    0.000000] x86/PAT: Configuration [0-7]: WB  WT  UC- UC  WB  WT  UC- UC
[    0.000000] found SMP MP-table at [mem 0x0009fff0-0x0009ffff] mapped at [ffff88000009fff0]
[    0.000000] Scanning 1 areas for low memory corruption
[    0.000000] RAMDISK: [mem 0x362dc000-0x37165fff]
[    0.000000] ACPI: Early table checksum verification disabled
[    0.000000] ACPI: RSDP 0x00000000000E0000 000024 (v02 VBOX  )
[    0.000000] ACPI: XSDT 0x000000007FFF0030 00003C (v01 VBOX   VBOXXSDT 00000001 ASL  00000061)
[    0.000000] ACPI: FACP 0x000000007FFF00F0 0000F4 (v04 VBOX   VBOXFACP 00000001 ASL  00000061)
[    0.000000] ACPI: DSDT 0x000000007FFF0610 002353 (v02 VBOX   VBOXBIOS 00000002 INTL 20200925)
[    0.000000] ACPI: FACS 0x000000007FFF0200 000040
[    0.000000] ACPI: FACS 0x000000007FFF0200 000040
[    0.000000] ACPI: APIC 0x000000007FFF0240 00005C (v02 VBOX   VBOXAPIC 00000001 ASL  00000061)
[    0.000000] ACPI: SSDT 0x000000007FFF02A0 00036C (v01 VBOX   VBOXCPUT 00000002 INTL 20200925)
[    0.000000] No NUMA configuration found
[    0.000000] Faking a node at [mem 0x0000000000000000-0x000000007ffeffff]
[    0.000000] NODE_DATA(0) allocated [mem 0x7ffeb000-0x7ffeffff]
[    0.000000] kvm-clock: Using msrs 4b564d01 and 4b564d00
[    0.000000] kvm-clock: cpu 0, msr 0:7ffe3001, primary cpu clock
[    0.000000] kvm-clock: using sched offset of 2771420042 cycles
[    0.000000] clocksource: kvm-clock: mask: 0xffffffffffffffff max_cycles: 0x1cd42e4dffb, max_idle_ns: 881590591483 ns
[    0.000000] Zone ranges:
[    0.000000]   DMA      [mem 0x0000000000001000-0x0000000000ffffff]
[    0.000000]   DMA32    [mem 0x0000000001000000-0x000000007ffeffff]
[    0.000000]   Normal   empty
[    0.000000]   Device   empty
[    0.000000] Movable zone start for each node
[    0.000000] Early memory node ranges
[    0.000000]   node   0: [mem 0x0000000000001000-0x000000000009efff]
[    0.000000]   node   0: [mem 0x0000000000100000-0x000000007ffeffff]
[    0.000000] Initmem setup node 0 [mem 0x0000000000001000-0x000000007ffeffff]
[    0.000000] ACPI: PM-Timer IO Port: 0x4008
[    0.000000] IOAPIC[0]: apic_id 2, version 32, address 0xfec00000, GSI 0-23
[    0.000000] ACPI: INT_SRC_OVR (bus 0 bus_irq 0 global_irq 2 dfl dfl)
[    0.000000] ACPI: INT_SRC_OVR (bus 0 bus_irq 9 global_irq 9 low level)
[    0.000000] Using ACPI (MADT) for SMP configuration information
[    0.000000] smpboot: Allowing 2 CPUs, 0 hotplug CPUs
[    0.000000] PM: Registered nosave memory: [mem 0x00000000-0x00000fff]
[    0.000000] PM: Registered nosave memory: [mem 0x0009f000-0x0009ffff]
[    0.000000] PM: Registered nosave memory: [mem 0x000a0000-0x000effff]
[    0.000000] PM: Registered nosave memory: [mem 0x000f0000-0x000fffff]
[    0.000000] e820: [mem 0x80000000-0xfebfffff] available for PCI devices
[    0.000000] Booting paravirtualized kernel on KVM
[    0.000000] clocksource: refined-jiffies: mask: 0xffffffff max_cycles: 0xffffffff, max_idle_ns: 7645519600211568 ns
[    0.000000] setup_percpu: NR_CPUS:512 nr_cpumask_bits:512 nr_cpu_ids:2 nr_node_ids:1
[    0.000000] PERCPU: Embedded 33 pages/cpu @ffff88007fc00000 s95192 r8192 d31784 u1048576
[    0.000000] Built 1 zonelists in Node order, mobility grouping on.  Total pages: 515960
[    0.000000] Policy zone: DMA32
[    0.000000] Kernel command line: BOOT_IMAGE=/boot/vmlinuz-4.4.0-210-generic root=LABEL=cloudimg-rootfs ro console=tty1 console=ttyS0
[    0.000000] PID hash table entries: 4096 (order: 3, 32768 bytes)
[    0.000000] Memory: 2029984K/2096696K available (8644K kernel code, 1332K rwdata, 4044K rodata, 1492K init, 1164K bss, 66712K reserved, 0K cma-reserved)
[    0.000000] SLUB: HWalign=64, Order=0-3, MinObjects=0, CPUs=2, Nodes=1
[    0.000000] Kernel/User page tables isolation: enabled
[    0.000000] Hierarchical RCU implementation.
[    0.000000] 	Build-time adjustment of leaf fanout to 64.
[    0.000000] 	RCU restricting CPUs from NR_CPUS=512 to nr_cpu_ids=2.
[    0.000000] RCU: Adjusting geometry for rcu_fanout_leaf=64, nr_cpu_ids=2
[    0.000000] NR_IRQS:33024 nr_irqs:440 16
[    0.000000] Console: colour VGA+ 80x25
[    0.000000] console [tty1] enabled
[    0.000000] console [ttyS0] enabled
[    0.000000] tsc: Detected 3110.400 MHz processor
[    0.086171] Calibrating delay loop (skipped) preset value.. 6220.80 BogoMIPS (lpj=12441600)
[    0.087196] pid_max: default: 32768 minimum: 301
[    0.087739] ACPI: Core revision 20150930
[    0.088788] ACPI: 2 ACPI AML tables successfully acquired and loaded
[    0.089554] Security Framework initialized
[    0.090045] Yama: becoming mindful.
[    0.090497] AppArmor: AppArmor initialized
[    0.091231] Dentry cache hash table entries: 262144 (order: 9, 2097152 bytes)
[    0.092091] Inode-cache hash table entries: 131072 (order: 8, 1048576 bytes)
[    0.093075] Mount-cache hash table entries: 4096 (order: 3, 32768 bytes)
[    0.093776] Mountpoint-cache hash table entries: 4096 (order: 3, 32768 bytes)
[    0.094595] Initializing cgroup subsys io
[    0.095081] Initializing cgroup subsys memory
[    0.095593] Initializing cgroup subsys devices
[    0.096113] Initializing cgroup subsys freezer
[    0.096642] Initializing cgroup subsys net_cls
[    0.097163] Initializing cgroup subsys perf_event
[    0.097713] Initializing cgroup subsys net_prio
[    0.098239] Initializing cgroup subsys hugetlb
[    0.098756] Initializing cgroup subsys pids
[    0.102133] mce: CPU supports 0 MCE banks
[    0.102706] Last level iTLB entries: 4KB 0, 2MB 0, 4MB 0
[    0.103298] Last level dTLB entries: 4KB 0, 2MB 0, 4MB 0, 1GB 0
[    0.103936] Spectre V1 : Mitigation: usercopy/swapgs barriers and __user pointer sanitization
[    0.104931] Spectre V2 : Mitigation: Full generic retpoline
[    0.105539] Spectre V2 : Spectre v2 / SpectreRSB mitigation: Filling RSB on context switch
[    0.106502] Speculative Store Bypass: Vulnerable
[    0.107095] MDS: Mitigation: Clear CPU buffers
[    0.109568] Freeing SMP alternatives memory: 36K
[    0.114208] ftrace: allocating 32380 entries in 127 pages
[    0.153633] smpboot: APIC(0) Converting physical 0 to logical package 0
[    0.154442] smpboot: Max logical packages: 1
[    0.155135] x2apic enabled
[    0.155797] Switched APIC routing to physical x2apic.
[    0.157181] ..TIMER: vector=0x30 apic1=0 pin1=2 apic2=-1 pin2=-1
[    0.266159] smpboot: CPU0: 12th Gen Intel(R) Core(TM) i5-12500H (family: 0x6, model: 0x9a, stepping: 0x3)
[    0.267456] Performance Events: unsupported p6 CPU model 154 no PMU driver, software events only.
[    0.274418] KVM setup paravirtual spinlock
[    0.275484] x86: Booting SMP configuration:
[    0.276036] .... node  #0, CPUs:      #1
[    0.276992] kvm-clock: cpu 1, msr 0:7ffe3041, secondary cpu clock
[    0.280256] mce: CPU supports 0 MCE banks
[    0.282558] x86: Booted up 1 node, 2 CPUs
[    0.283246] smpboot: Total of 2 processors activated (12441.60 BogoMIPS)
[    0.284355] devtmpfs: initialized
[    0.285436] evm: security.selinux
[    0.285877] evm: security.SMACK64
[    0.286309] evm: security.SMACK64EXEC
[    0.286768] evm: security.SMACK64TRANSMUTE
[    0.287277] evm: security.SMACK64MMAP
[    0.287733] evm: security.ima
[    0.288144] evm: security.capability
[    0.288849] clocksource: jiffies: mask: 0xffffffff max_cycles: 0xffffffff, max_idle_ns: 7645041785100000 ns
[    0.289958] futex hash table entries: 512 (order: 3, 32768 bytes)
[    0.290812] pinctrl core: initialized pinctrl subsystem
[    0.291486] RTC time: 13:05:19, date: 06/17/23
[    0.292217] NET: Registered protocol family 16
[    0.303584] cpuidle: using governor ladder
[    0.315782] cpuidle: using governor menu
[    0.316406] PCCT header not found.
[    0.316902] ACPI: bus type PCI registered
[    0.317393] acpiphp: ACPI Hot Plug PCI Controller Driver version: 0.5
[    0.318133] PCI: Using configuration type 1 for base access
[    0.328549] ACPI: Added _OSI(Module Device)
[    0.329252] ACPI: Added _OSI(Processor Device)
[    0.329785] ACPI: Added _OSI(3.0 _SCP Extensions)
[    0.330341] ACPI: Added _OSI(Processor Aggregator Device)
[    0.331379] ACPI: Executed 1 blocks of module-level executable AML code
[    0.333319] ACPI: Interpreter enabled
[    0.333821] ACPI: (supports S0 S5)
[    0.334267] ACPI: Using IOAPIC for interrupt routing
[    0.334916] PCI: Using host bridge windows from ACPI; if necessary, use "pci=nocrs" and report a bug
[    0.337696] ACPI: PCI Root Bridge [PCI0] (domain 0000 [bus 00-ff])
[    0.338377] acpi PNP0A03:00: _OSC: OS supports [ASPM ClockPM Segments MSI]
[    0.339230] acpi PNP0A03:00: _OSC: not requesting OS control; OS requires [ExtendedConfig ASPM ClockPM MSI]
[    0.340321] acpi PNP0A03:00: fail to add MMCONFIG information, can't access extended PCI configuration space under this bridge.
[    0.341677] PCI host bridge to bus 0000:00
[    0.342164] pci_bus 0000:00: root bus resource [io  0x0000-0x0cf7 window]
[    0.342862] pci_bus 0000:00: root bus resource [io  0x0d00-0xffff window]
[    0.343575] pci_bus 0000:00: root bus resource [mem 0x000a0000-0x000bffff window]
[    0.344480] pci_bus 0000:00: root bus resource [mem 0x80000000-0xfdffffff window]
[    0.345380] pci_bus 0000:00: root bus resource [bus 00-ff]
[    0.346782] pci 0000:00:01.1: legacy IDE quirk: reg 0x10: [io  0x01f0-0x01f7]
[    0.347518] pci 0000:00:01.1: legacy IDE quirk: reg 0x14: [io  0x03f6]
[    0.348204] pci 0000:00:01.1: legacy IDE quirk: reg 0x18: [io  0x0170-0x0177]
[    0.348939] pci 0000:00:01.1: legacy IDE quirk: reg 0x1c: [io  0x0376]
[    0.365981] pci 0000:00:07.0: quirk: [io  0x4000-0x403f] claimed by PIIX4 ACPI
[    0.367022] pci 0000:00:07.0: quirk: [io  0x4100-0x410f] claimed by PIIX4 SMB
[    0.373064] ACPI: PCI Interrupt Link [LNKA] (IRQs 5 9 10 *11)
[    0.374201] ACPI: PCI Interrupt Link [LNKB] (IRQs 5 9 *10 11)
[    0.375133] ACPI: PCI Interrupt Link [LNKC] (IRQs 5 *9 10 11)
[    0.376040] ACPI: PCI Interrupt Link [LNKD] (IRQs 5 9 10 *11)
[    0.376985] ACPI: Enabled 2 GPEs in block 00 to 07
[    0.377815] vgaarb: setting as boot device: PCI:0000:00:02.0
[    0.378442] vgaarb: device added: PCI:0000:00:02.0,decodes=io+mem,owns=io+mem,locks=none
[    0.379397] vgaarb: loaded
[    0.379787] vgaarb: bridge control possible 0000:00:02.0
[    0.380497] SCSI subsystem initialized
[    0.381027] ACPI: bus type USB registered
[    0.381532] usbcore: registered new interface driver usbfs
[    0.382146] usbcore: registered new interface driver hub
[    0.382744] usbcore: registered new device driver usb
[    0.383514] PCI: Using ACPI for IRQ routing
[    0.384171] NetLabel: Initializing
[    0.384615] NetLabel:  domain hash size = 128
[    0.385141] NetLabel:  protocols = UNLABELED CIPSOv4
[    0.385721] NetLabel:  unlabeled traffic allowed by default
[    0.386490] amd_nb: Cannot enumerate AMD northbridges
[    0.387178] clocksource: Switched to clocksource kvm-clock
[    0.391338] AppArmor: AppArmor Filesystem Enabled
[    0.391966] pnp: PnP ACPI init
[    0.392820] pnp: PnP ACPI: found 3 devices
[    0.400186] clocksource: acpi_pm: mask: 0xffffff max_cycles: 0xffffff, max_idle_ns: 2085701024 ns
[    0.401595] NET: Registered protocol family 2
[    0.402262] TCP established hash table entries: 16384 (order: 5, 131072 bytes)
[    0.403250] TCP bind hash table entries: 16384 (order: 6, 262144 bytes)
[    0.404008] TCP: Hash tables configured (established 16384 bind 16384)
[    0.404777] UDP hash table entries: 1024 (order: 3, 32768 bytes)
[    0.405456] UDP-Lite hash table entries: 1024 (order: 3, 32768 bytes)
[    0.406185] NET: Registered protocol family 1
[    0.406747] pci 0000:00:00.0: Limiting direct PCI/PCI transfers
[    0.407466] pci 0000:00:01.0: Activating ISA DMA hang workarounds
[    0.408252] Unpacking initramfs...
[    0.554082] Freeing initrd memory: 14888K
[    0.554845] clocksource: tsc: mask: 0xffffffffffffffff max_cycles: 0x2cd5a8bb032, max_idle_ns: 440795365915 ns
[    0.556064] platform rtc_cmos: registered platform RTC device (no PNP device found)
[    0.557056] Scanning for low memory corruption every 60 seconds
[    0.558138] audit: initializing netlink subsys (disabled)
[    0.558821] audit: type=2000 audit(1687007123.397:1): initialized
[    0.559684] Initialise system trusted keyring
[    0.560508] HugeTLB registered 2 MB page size, pre-allocated 0 pages
[    0.561855] zbud: loaded
[    0.562558] VFS: Disk quotas dquot_6.6.0
[    0.563087] VFS: Dquot-cache hash table entries: 512 (order 0, 4096 bytes)
[    0.563972] squashfs: version 4.0 (2009/01/31) Phillip Lougher
[    0.565050] fuse init (API version 7.23)
[    0.565828] Key type big_key registered
[    0.566360] Allocating IMA MOK and blacklist keyrings.
[    0.567563] Key type asymmetric registered
[    0.568116] Asymmetric key parser 'x509' registered
[    0.568741] Block layer SCSI generic (bsg) driver version 0.4 loaded (major 249)
[    0.569831] io scheduler noop registered
[    0.570357] io scheduler deadline registered (default)
[    0.570992] io scheduler cfq registered
[    0.571589] pci_hotplug: PCI Hot Plug PCI Core version: 0.5
[    0.572250] pciehp: PCI Express Hot Plug Controller Driver version: 0.4
[    0.573085] ACPI: AC Adapter [AC] (on-line)
[    0.573664] input: Power Button as /devices/LNXSYSTM:00/LNXPWRBN:00/input/input0
[    0.574627] ACPI: Power Button [PWRF]
[    0.575140] input: Sleep Button as /devices/LNXSYSTM:00/LNXSLPBN:00/input/input1
[    0.576113] ACPI: Sleep Button [SLPF]
[    0.576853] GHES: HEST is not enabled!
[    0.577222] ACPI: Battery Slot [BAT0] (battery present)
[    0.578145] Serial: 8250/16550 driver, 32 ports, IRQ sharing enabled
[    0.599166] 00:02: ttyS0 at I/O 0x3f8 (irq = 4, base_baud = 115200) is a 16550A
[    0.601396] Linux agpgart interface v0.103
[    0.603051] loop: module loaded
[    0.603798] scsi host0: ata_piix
[    0.604404] scsi host1: ata_piix
[    0.604902] ata1: PATA max UDMA/33 cmd 0x1f0 ctl 0x3f6 bmdma 0xd000 irq 14
[    0.605685] ata2: PATA max UDMA/33 cmd 0x170 ctl 0x376 bmdma 0xd008 irq 15
[    0.606651] libphy: Fixed MDIO Bus: probed
[    0.607185] tun: Universal TUN/TAP device driver, 1.6
[    0.607793] tun: (C) 1999-2004 Max Krasnyansky <maxk@qualcomm.com>
[    0.608633] PPP generic driver version 2.4.2
[    0.609307] ehci_hcd: USB 2.0 'Enhanced' Host Controller (EHCI) Driver
[    0.610064] ehci-pci: EHCI PCI platform driver
[    0.610638] ehci-platform: EHCI generic platform driver
[    0.611273] ohci_hcd: USB 1.1 'Open' Host Controller (OHCI) Driver
[    0.612008] ohci-pci: OHCI PCI platform driver
[    0.612583] ohci-platform: OHCI generic platform driver
[    0.613217] uhci_hcd: USB Universal Host Controller Interface driver
[    0.613979] i8042: PNP: PS/2 Controller [PNP0303:PS2K,PNP0f03:PS2M] at 0x60,0x64 irq 1,12
[    0.615378] serio: i8042 KBD port at 0x60,0x64 irq 1
[    0.616000] serio: i8042 AUX port at 0x60,0x64 irq 12
[    0.616980] mousedev: PS/2 mouse device common for all mice
[    0.617957] input: AT Translated Set 2 keyboard as /devices/platform/i8042/serio0/input/input2
[    0.619441] rtc_cmos rtc_cmos: rtc core: registered rtc_cmos as rtc0
[    0.620186] rtc_cmos rtc_cmos: alarms up to one day, 114 bytes nvram
[    0.620905] i2c /dev entries driver
[    0.621411] device-mapper: uevent: version 1.0.3
[    0.622140] device-mapper: ioctl: 4.34.0-ioctl (2015-10-28) initialised: dm-devel@redhat.com
[    0.623212] ledtrig-cpu: registered to indicate activity on CPUs
[    0.624137] NET: Registered protocol family 10
[    0.624883] NET: Registered protocol family 17
[    0.625439] Key type dns_resolver registered
[    0.626249] registered taskstats version 1
[    0.626780] Loading compiled-in X.509 certificates
[    0.627628] Loaded X.509 cert 'Build time autogenerated kernel key: cf00e047681d67edb2720680708b7d9498083038'
[    0.628819] zswap: loaded using pool lzo/zbud
[    0.630566] Key type trusted registered
[    0.632963] Key type encrypted registered
[    0.633493] AppArmor: AppArmor sha1 policy hashing enabled
[    0.634117] ima: No TPM chip found, activating TPM-bypass!
[    0.634756] ima: Allocated hash algorithm: sha1
[    0.635318] evm: HMAC attrs: 0x1
[    0.636161]   Magic number: 11:169:79
[    0.636669]   hash matches /build/linux-3Zqs18/linux-4.4.0/drivers/base/power/main.c:1354
[    0.637762] rtc_cmos rtc_cmos: setting system clock to 2023-06-17 13:05:19 UTC (1687007119)
[    0.638904] BIOS EDD facility v0.16 2004-Jun-25, 0 devices found
[    0.639609] EDD information not available.
[    0.786995] Freeing unused kernel memory: 1492K
[    0.787752] Write protecting the kernel read-only data: 14336k
[    0.788777] Freeing unused kernel memory: 1584K
[    0.789515] Freeing unused kernel memory: 52K
Loading, please wait...
starting version 229
[    0.796458] random: systemd-udevd: uninitialized urandom read (16 bytes read, 2 bits of entropy available)
[    0.796782] random: udevadm: uninitialized urandom read (16 bytes read, 2 bits of entropy available)
[    0.796794] random: udevadm: uninitialized urandom read (16 bytes read, 2 bits of entropy available)
[    0.799955] random: systemd-udevd: uninitialized urandom read (16 bytes read, 2 bits of entropy available)
[    0.800751] random: udevadm: uninitialized urandom read (16 bytes read, 2 bits of entropy available)
[    0.800778] random: udevadm: uninitialized urandom read (16 bytes read, 2 bits of entropy available)
[    0.800852] random: udevadm: uninitialized urandom read (16 bytes read, 2 bits of entropy available)
[    0.800878] random: udevadm: uninitialized urandom read (16 bytes read, 2 bits of entropy available)
[    0.800901] random: udevadm: uninitialized urandom read (16 bytes read, 2 bits of entropy available)
[    0.800926] random: udevadm: uninitialized urandom read (16 bytes read, 2 bits of entropy available)
[    0.822993] e1000: Intel(R) PRO/1000 Network Driver - version 7.3.21-k8-NAPI
[    0.823986] e1000: Copyright (c) 1999-2006 Intel Corporation.
[    0.826117] Fusion MPT base driver 3.04.20
[    0.826819] Copyright (c) 1999-2008 LSI Corporation
[    0.837819] AVX2 version of gcm_enc/dec engaged.
[    0.838580] AES CTR mode by8 optimization enabled
[    0.840787] Fusion MPT SPI Host driver 3.04.20
[    1.049642] input: ImExPS/2 Generic Explorer Mouse as /devices/platform/i8042/serio1/input/input4
[    1.231901] e1000 0000:00:03.0 eth0: (PCI:33MHz:32-bit) 02:be:82:6b:cc:1d
[    1.232859] e1000 0000:00:03.0 eth0: Intel(R) PRO/1000 Network Connection
[    1.233987] mptbase: ioc0: Initiating bringup
[    2.115642] ioc0: LSI53C1030 A0: Capabilities={Initiator}
[    4.427088] scsi host2: ioc0: LSI53C1030 A0, FwRev=00000000h, Ports=1, MaxQ=256, IRQ=20
[    7.413011] scsi 2:0:0:0: Direct-Access     VBOX     HARDDISK         1.0  PQ: 0 ANSI: 5
[    7.418850] scsi target2:0:0: Beginning Domain Validation
[    7.424532] scsi target2:0:0: Domain Validation skipping write tests
[    7.426225] scsi target2:0:0: Ending Domain Validation
[    7.427405] scsi target2:0:0: asynchronous
[    7.428619] scsi 2:0:1:0: Direct-Access     VBOX     HARDDISK         1.0  PQ: 0 ANSI: 5
[    7.429765] scsi target2:0:1: Beginning Domain Validation
[    7.430838] scsi target2:0:1: Domain Validation skipping write tests
[    7.438328] scsi target2:0:1: Ending Domain Validation
[    7.439048] scsi target2:0:1: asynchronous
[    7.455634] sd 2:0:0:0: Attached scsi generic sg0 type 0
[    7.456475] sd 2:0:1:0: Attached scsi generic sg1 type 0
[    7.457588] sd 2:0:0:0: [sda] 83886080 512-byte logical blocks: (42.9 GB/40.0 GiB)
[    7.458641] sd 2:0:1:0: [sdb] 20480 512-byte logical blocks: (10.5 MB/10.0 MiB)
[    7.459870] sd 2:0:1:0: [sdb] Write Protect is off
[    7.460465] sd 2:0:0:0: [sda] Write Protect is off
[    7.461095] sd 2:0:1:0: [sdb] Incomplete mode parameter data
[    7.461746] sd 2:0:1:0: [sdb] Assuming drive cache: write through
[    7.462471] sd 2:0:0:0: [sda] Incomplete mode parameter data
[    7.463131] sd 2:0:0:0: [sda] Assuming drive cache: write through
[    7.464723]  sda: sda1
[    7.465544] sd 2:0:1:0: [sdb] Attached SCSI disk
[    7.466259] sd 2:0:0:0: [sda] Attached SCSI disk
[    8.126967] e1000 0000:00:08.0 eth1: (PCI:33MHz:32-bit) 08:00:27:ed:d1:6c
[    8.127952] e1000 0000:00:08.0 eth1: Intel(R) PRO/1000 Network Connection
[    8.129667] e1000 0000:00:03.0 enp0s3: renamed from eth0
[    8.139303] e1000 0000:00:08.0 enp0s8: renamed from eth1
Begin: Loading essential drivers ... [    9.420908] md: linear personality registered for level -1
[    9.423105] md: multipath personality registered for level -4
[    9.425372] md: raid0 personality registered for level 0
[    9.427818] md: raid1 personality registered for level 1
[    9.496605] raid6: sse2x1   gen() 23295 MB/s
[    9.574848] raid6: sse2x1   xor() 18025 MB/s
[    9.644585] raid6: sse2x2   gen() 29583 MB/s
[    9.718985] raid6: sse2x2   xor() 19418 MB/s
[    9.799133] raid6: sse2x4   gen() 36629 MB/s
[    9.879028] raid6: sse2x4   xor()  6431 MB/s
[    9.948601] raid6: avx2x1   gen() 44955 MB/s
[   10.015190] raid6: avx2x2   gen() 43521 MB/s
[   10.084594] raid6: avx2x4   gen() 44554 MB/s
[   10.085228] raid6: using algorithm avx2x1 gen() 44955 MB/s
[   10.085832] raid6: using avx2x2 recovery algorithm
[   10.087162] xor: automatically using best checksumming function:
[   10.127388]    avx       : 30048.000 MB/sec
[   10.128627] async_tx: api initialized (async)
[   10.133522] md: raid6 personality registered for level 6
[   10.134188] md: raid5 personality registered for level 5
[   10.134788] md: raid4 personality registered for level 4
[   10.138784] md: raid10 personality registered for level 10
done.
Begin: Running /scripts/init-premount ... done.
Begin: Mounting root file system ... Begin: Running /scripts/local-top ... done.
Begin: Running /scripts/local-premount ... [   10.155668] Btrfs loaded
Scanning for Btrfs filesystems
done.
Warning: fsck not present, so skipping root file system
[   10.167917] EXT4-fs (sda1): mounted filesystem with ordered data mode. Opts: (null)
done.
Begin: Running /scripts/local-bottom ... done.
Begin: Running /scripts/init-bottom ... done.
[   10.199747] systemd[1]: systemd 229 running in system mode. (+PAM +AUDIT +SELINUX +IMA +APPARMOR +SMACK +SYSVINIT +UTMP +LIBCRYPTSETUP +GCRYPT +GNUTLS +ACL +XZ -LZ4 +SECCOMP +BLKID +ELFUTILS +KMOD -IDN)
[   10.201718] systemd[1]: Detected virtualization oracle.
[   10.202315] systemd[1]: Detected architecture x86-64.

Welcome to [1mUbuntu 16.04.7 LTS[0m!

[   10.204003] systemd[1]: Set hostname to <appserver>.
[   10.256279] systemd[1]: Listening on Journal Audit Socket.
[[0;32m  OK  [0m] Listening on Journal Audit Socket.
[   10.257725] systemd[1]: Reached target Encrypted Volumes.
[[0;32m  OK  [0m] Reached target Encrypted Volumes.
[   10.259095] systemd[1]: Listening on fsck to fsckd communication Socket.
[[0;32m  OK  [0m] Listening on fsck to fsckd communication Socket.
[   10.260859] systemd[1]: Listening on Journal Socket (/dev/log).
[[0;32m  OK  [0m] Listening on Journal Socket (/dev/log).
[   10.262333] systemd[1]: Listening on Syslog Socket.
[[0;32m  OK  [0m] Listening on Syslog Socket.
[   10.263687] systemd[1]: Listening on Device-mapper event daemon FIFOs.
[[0;32m  OK  [0m] Listening on Device-mapper event daemon FIFOs.
[   10.265619] systemd[1]: Created slice System Slice.
[[0;32m  OK  [0m] Created slice System Slice.
[   10.267007] systemd[1]: Reached target Swap.
[[0;32m  OK  [0m] Reached target Swap.
[   10.268288] systemd[1]: Listening on udev Control Socket.
[[0;32m  OK  [0m] Listening on udev Control Socket.
[   10.269791] systemd[1]: Listening on /dev/initctl Compatibility Named Pipe.
[[0;32m  OK  [0m] Listening on /dev/initctl Compatibility Named Pipe.
[   10.271622] systemd[1]: Listening on LVM2 poll daemon socket.
[[0;32m  OK  [0m] Listening on LVM2 poll daemon socket.
[   10.273208] systemd[1]: Started Trigger resolvconf update for networkd DNS.
[[0;32m  OK  [0m] Started Trigger resolvconf update for networkd DNS.
[   10.275030] systemd[1]: Reached target System Time Synchronized.
[[0;32m  OK  [0m] Reached target System Time Synchronized.
[   10.276660] systemd[1]: Listening on LVM2 metadata daemon socket.
[[0;32m  OK  [0m] Listening on LVM2 metadata daemon socket.
[   10.278297] systemd[1]: Started Forward Password Requests to Wall Directory Watch.
[[0;32m  OK  [0m] Started Forward Password Requests to Wall Directory Watch.
[   10.280423] systemd[1]: Created slice system-serial\x2dgetty.slice.
[[0;32m  OK  [0m] Created slice system-serial\x2dgetty.slice.
[   10.282087] systemd[1]: Set up automount Arbitrary Executable File Formats File System Automount Point.
[[0;32m  OK  [0m] Set up automount Arbitrary Executab...ats File System Automount Point.
[   10.284481] systemd[1]: Created slice User and Session Slice.
[[0;32m  OK  [0m] Created slice User and Session Slice.
[   10.285945] systemd[1]: Listening on udev Kernel Socket.
[[0;32m  OK  [0m] Listening on udev Kernel Socket.
[   10.287316] systemd[1]: Listening on Journal Socket.
[[0;32m  OK  [0m] Listening on Journal Socket.
[   10.299393] systemd[1]: Mounting POSIX Message Queue File System...
         Mounting POSIX Message Queue File System...
[   10.301482] systemd[1]: Starting Monitoring of LVM2 mirrors, snapshots etc. using dmeventd or progress polling...
         Starting Monitoring of LVM2 mirrors... dmeventd or progress polling...
[   10.303643] systemd[1]: Starting Nameserver information manager...
         Starting Nameserver information manager...
[   10.305536] systemd[1]: Starting Load Kernel Modules...
         Starting Load Kernel Modules...
[   10.306851] systemd[1]: Starting File System Check on Root Device...
         Starting File System Check on Root Device...
[   10.308794] systemd[1]: Starting Journal Service...
         Starting Journal Service...
[   10.311459] systemd[1]: Starting Uncomplicated firewall...
         Starting Uncomplicated firewall...
[   10.312818] systemd[1]: Mounting Huge Pages File System...
         Mounting Huge Pages File System...
[   10.314769] systemd[1]: Mounting Debug File System...
         Mounting Debug File System...
[   10.316916] Loading iSCSI transport class v2.0-870.
[   10.317865] systemd[1]: Starting Set console keymap...
         Starting Set console keymap...
[   10.319131] systemd[1]: Starting Create list of required static device nodes for the current kernel...
         Starting Create list of required st... nodes for the current kernel...
[   10.320933] systemd[1]: Reached target Slices.
[[0;32m  OK  [0m] Reached target Slices.
[   10.321861] systemd[1]: Reached target User and Group Name Lookups.
[[0;32m  OK  [0m] Reached target User and Group Name Lookups.
[   10.323696] systemd[1]: Mounted Huge Pages File System.
[[0;32m  OK  [0m] Mounted Huge Pages File System.
[   10.324697] systemd[1]: Mounted POSIX Message Queue File System.
[[0;32m  OK  [0m] Mounted POSIX Message Queue File System.
[   10.325846] systemd[1]: Mounted Debug File System.
[[0;32m  OK  [0m] Mounted Debug File System.
[   10.327250] systemd[1]: Started File System Check on Root Device.
[[0;32m  OK  [0m] Started File System Check on Root Device.
[   10.329733] systemd[1]: Started Uncomplicated firewall.
[[0;32m  OK  [0m] Started Uncomplicated firewall.
[   10.331176] systemd[1]: Started Create list of required static device nodes for the current kernel.
[[0;32m  OK  [0m] Started Create list of required sta...ce nodes for the current kernel.
[   10.332973] systemd[1]: Started Nameserver information manager.
[[0;32m  OK  [0m] Started Nameserver information manager.
[   10.339948] systemd[1]: Started Journal Service.
[[0;32m  OK  [0m] Started Journal Service.
[   10.341280] iscsi: registered transport (tcp)
[[0;32m  OK  [0m] Started Set console keymap.
[   10.353625] iscsi: registered transport (iser)
[[0;32m  OK  [0m] Started LVM2 metadata daemon.
[[0;32m  OK  [0m] Started File System Check Daemon to report status.
         Starting Create Static Device Nodes in /dev...
         Starting Remount Root and Kernel File Systems...
[[0;32m  OK  [0m] Started Load Kernel Modules.
[   10.364409] EXT4-fs (sda1): re-mounted. Opts: (null)
         Mounting FUSE Control File System...
         Starting Apply Kernel Variables...
[[0;32m  OK  [0m] Mounted FUSE Control File System.
[[0;32m  OK  [0m] Started Remount Root and Kernel File Systems.
         Starting Flush Journal to Persistent Storage...
         Starting Load/Save Random Seed...
         Starting udev Coldplug all Devices...
[[0;32m  OK  [0m] Started Apply Kernel Variables.
[[0;32m  OK  [0m] Started Load/Save Random Seed.
[[0;32m  OK  [0m] Started Flush Journal to Persistent Storage.
[[0;32m  OK  [0m] Started Create Static Device Nodes in /dev.
         Starting udev Kernel Device Manager...
[[0;32m  OK  [0m] Started udev Kernel Device Manager.
[[0;32m  OK  [0m] Started udev Coldplug all Devices.
[[0;32m  OK  [0m] Started Dispatch Password Requests to Console Directory Watch.
[[0;32m  OK  [0m] Found device /dev/ttyS0.
[[0;32m  OK  [0m] Listening on Load/Save RF Kill Switch Status /dev/rfkill Watch.
[[0;32m  OK  [0m] Found device 82540EM Gigabit Ethern...r (PRO/1000 MT Desktop Adapter).
[[0;32m  OK  [0m] Started Monitoring of LVM2 mirrors,...ng dmeventd or progress polling.
[[0;32m  OK  [0m] Found device 82540EM Gigabit Ethern...r (PRO/1000 MT Desktop Adapter).
[[0;32m  OK  [0m] Reached target Local File Systems (Pre).
[[0;32m  OK  [0m] Reached target Local File Systems.
         Starting Tell Plymouth To Write Out Runtime Data...
         Starting LSB: AppArmor initialization...
         Starting Set console font and keymap...
         Starting Create Volatile Files and Directories...
         Starting Initial cloud-init job (pre-networking)...
[[0;32m  OK  [0m] Started Tell Plymouth To Write Out Runtime Data.
[[0;32m  OK  [0m] Started Create Volatile Files and Directories.
         Starting Update UTMP about System Boot/Shutdown...
[[0;32m  OK  [0m] Started Update UTMP about System Boot/Shutdown.
[[0;32m  OK  [0m] Started LSB: AppArmor initialization.
         Starting Load AppArmor profiles managed internally by snapd...
[[0;32m  OK  [0m] Started Load AppArmor profiles managed internally by snapd.
[[0;32m  OK  [0m] Started Set console font and keymap.
[[0;32m  OK  [0m] Created slice system-getty.slice.
[   10.987535] cloud-init[673]: Cloud-init v. 21.1-19-gbad84ad4-0ubuntu1~16.04.2 running 'init-local' at Sat, 17 Jun 2023 13:05:29 +0000. Up 10.88 seconds.
[[0;32m  OK  [0m] Started Initial cloud-init job (pre-networking).
[[0;32m  OK  [0m] Reached target Network (Pre).
[[0;32m  OK  [0m] Started ifup for enp0s8.
[[0;32m  OK  [0m] Started ifup for enp0s3.
         Starting Raise network interfaces...
[[0;32m  OK  [0m] Started Raise network interfaces.
         Starting Initial cloud-init job (metadata service crawler)...
[[0;32m  OK  [0m] Reached target Network.
[   11.325319] cloud-init[1084]: Cloud-init v. 21.1-19-gbad84ad4-0ubuntu1~16.04.2 running 'init' at Sat, 17 Jun 2023 13:05:30 +0000. Up 11.23 seconds.
[   11.326157] cloud-init[1084]: ci-info: ++++++++++++++++++++++++++++++++++++++Net device info+++++++++++++++++++++++++++++++++++++++
[   11.326969] cloud-init[1084]: ci-info: +--------+------+-----------------------------+---------------+--------+-------------------+
[   11.327777] cloud-init[1084]: ci-info: | Device |  Up  |           Address           |      Mask     | Scope  |     Hw-Address    |
[   11.328580] cloud-init[1084]: ci-info: +--------+------+-----------------------------+---------------+--------+-------------------+
[   11.329388] cloud-init[1084]: ci-info: | enp0s3 | True |          10.0.2.15          | 255.255.255.0 | global | 02:be:82:6b:cc:1d |
[   11.330228] cloud-init[1084]: ci-info: | enp0s3 | True |  fe80::be:82ff:fe6b:cc1d/64 |       .       |  link  | 02:be:82:6b:cc:1d |
[   11.331018] cloud-init[1084]: ci-info: | enp0s8 | True |        192.168.56.20        | 255.255.255.0 | global | 08:00:27:ed:d1:6c |
[   11.331794] cloud-init[1084]: ci-info: | enp0s8 | True | fe80::a00:27ff:feed:d16c/64 |       .       |  link  | 08:00:27:ed:d1:6c |
[   11.332582] cloud-init[1084]: ci-info: |   lo   | True |          127.0.0.1          |   255.0.0.0   |  host  |         .         |
[   11.333375] cloud-init[1084]: ci-info: |   lo   | True |           ::1/128           |       .       |  host  |         .         |
[   11.334281] cloud-init[1084]: ci-info: +--------+------+-----------------------------+---------------+--------+-------------------+
[   11.335123] cloud-init[1084]: ci-info: ++++++++++++++++++++++++++++Route IPv4 info++++++++++++++++++++++++++++
[   11.335847] cloud-init[1084]: ci-info: +-------+--------------+----------+---------------+-----------+-------+
[   11.336558] cloud-init[1084]: ci-info: | Route | Destination  | Gateway  |    Genmask    | Interface | Flags |
[   11.337261] cloud-init[1084]: ci-info: +-------+--------------+----------+---------------+-----------+-------+
[   11.338061] cloud-init[1084]: ci-info: |   0   |   0.0.0.0    | 10.0.2.2 |    0.0.0.0    |   enp0s3  |   UG  |
[   11.338800] cloud-init[1084]: ci-info: |   1   |   10.0.2.0   | 0.0.0.0  | 255.255.255.0 |   enp0s3  |   U   |
[   11.339523] cloud-init[1084]: ci-info: |   2   | 192.168.56.0 | 0.0.0.0  | 255.255.255.0 |   enp0s8  |   U   |
[   11.340214] cloud-init[1084]: ci-info: +-------+--------------+----------+---------------+-----------+-------+
[   11.340924] cloud-init[1084]: ci-info: +++++++++++++++++++Route IPv6 info+++++++++++++++++++
[   11.341589] cloud-init[1084]: ci-info: +-------+-------------+---------+-----------+-------+
[   11.342258] cloud-init[1084]: ci-info: | Route | Destination | Gateway | Interface | Flags |
[   11.342915] [[0;32m  OK  [0m] Started Initial cloud-init job (metadata service crawler).
[[0;32m  OK  [0m] Reached target Network is Online.
cloud-init[1084]: ci-info: +-------+-------------+---------+-----------+-------+
[   11.344411] cloud-init[1084]: ci-info: |   0   |  fe80::/64  |    ::   |   enp0s8  |   U   |
[   11.345013] cloud-init[1084]: ci-info: |   1   |  fe80::/64  |    ::   |   enp0s3  |   U   |
[   11.345609] cloud-init[1084]: ci-info: |   4   |   ff00::/8  |    ::   |   enp0s8  |   U   |
[   11.346162] cloud-init[1084]: ci-info: |   5   |   ff00::/8  |    ::   |   enp0s3  |   U   |
[   11.346707] cloud-init[1084]: ci-info: +-------+-------------+---------+-----------+-------+
         Starting iSCSI initiator daemon (iscsid)...
[[0;32m  OK  [0m] Reached target System Initialization.
[[0;32m  OK  [0m] Listening on D-Bus System Message Bus Socket.
[[0;32m  OK  [0m] Started Daily Cleanup of Temporary Directories.
[[0;32m  OK  [0m] Listening on ACPID Listen Socket.
[[0;32m  OK  [0m] Started Daily apt download activities.
[[0;32m  OK  [0m] Started Daily apt upgrade and clean activities.
[[0;32m  OK  [0m] Started Ubuntu Advantage update messaging.
         Starting LXD - unix socket.
[[0;32m  OK  [0m] Listening on UUID daemon activation socket.
[[0;32m  OK  [0m] Started ACPI Events Check.
[[0;32m  OK  [0m] Reached target Paths.
[[0;32m  OK  [0m] Started Message of the Day.
[[0;32m  OK  [0m] Reached target Timers.
         Starting Socket activation for snappy daemon.
[[0;32m  OK  [0m] Reached target Cloud-config availability.
[[0;32m  OK  [0m] Listening on LXD - unix socket.
[[0;32m  OK  [0m] Listening on Socket activation for snappy daemon.
[[0;32m  OK  [0m] Reached target Sockets.
[[0;32m  OK  [0m] Reached target Basic System.
[[0;32m  OK  [0m] Started Regular background program processing daemon.
         Starting Virtualbox guest utils...
         Starting A high performance web server and a reverse proxy server...
         Starting Login Service...
         Starting LSB: Record successful boot for GRUB...
[[0;32m  OK  [0m] Started ACPI event daemon.
         Starting System Logging Service...
         Starting LSB: MD monitoring daemon...
         Starting Accounts Service...
[[0;32m  OK  [0m] Started D-Bus System Message Bus.
[[0;32m  OK  [0m] Started Puma HTTP Server.
[[0;32m  OK  [0m] Started FUSE filesystem for LXC.
         Starting LXD - container startup/shutdown...
         Starting Snap Daemon...
[[0;32m  OK  [0m] Started Deferred execution scheduler.
         Starting OpenBSD Secure Shell server...
         Starting /etc/rc.local Compatibility...
[[0;32m  OK  [0m] Started System Logging Service.
[[0;32m  OK  [0m] Started iSCSI initiator daemon (iscsid).
[[0;32m  OK  [0m] Started /etc/rc.local Compatibility.
         Starting Login to default iSCSI targets...
[[0;32m  OK  [0m] Started LSB: Record successful boot for GRUB.
[[0;32m  OK  [0m] Started Login to default iSCSI targets.
[[0;32m  OK  [0m] Reached target Remote File Systems (Pre).
         Mounting /vagrant...
[[0;1;31mFAILED[0m] Failed to mount /vagrant.
See 'systemctl status vagrant.mount' for details.
[[0;1;33mDEPEND[0m] Dependency failed for Remote File Systems.
         Starting LSB: daemon to balance interrupts for SMP systems...
         Starting LSB: Set the CPU Frequency Scaling governor to "ondemand"...
         Starting LSB: automatic crash report generation...
         Starting Permit User Sessions...
[[0;32m  OK  [0m] Started Permit User Sessions.
[[0;32m  OK  [0m] Started Login Service.
[[0;32m  OK  [0m] Started OpenBSD Secure Shell server.
[[0;32m  OK  [0m] Started LSB: MD monitoring daemon.
[[0;32m  OK  [0m] Started Unattended Upgrades Shutdown.
         Starting Terminate Plymouth Boot Screen...
         Starting Hold until boot process finishes up...
         Starting Authenticate and Authorize Users to Run Privileged Tasks...
[[0;32m  OK  [0m] Started LXD - container startup/shutdown.
[[0;32m  OK  [0m] Started Hold until boot process finishes up.
         Starting Set console scheme...
[[0;32m  OK  [0m] Started Serial Getty on ttyS0.
[[0;32m  OK  [0m] Started Getty on tty1.
[[0;32m  OK  [0m] Reached target Login Prompts.
[[0;32m  OK  [0m] Started Set console scheme.
[[0;32m  OK  [0m] Started Terminate Plymouth Boot Screen.
[[0;32m  OK  [0m] Started LSB: Set the CPU Frequency Scaling governor to "ondemand".
[[0;32m  OK  [0m] Started LSB: daemon to balance interrupts for SMP systems.
[[0;32m  OK  [0m] Started LSB: automatic crash report generation.
[[0;32m  OK  [0m] Started Authenticate and Authorize Users to Run Privileged Tasks.
[[0;32m  OK  [0m] Started Accounts Service.
[[0;32m  OK  [0m] Started A high performance web server and a reverse proxy server.
[[0;32m  OK  [0m] Started Virtualbox guest utils.
[[0;32m  OK  [0m] Started Snap Daemon.
         Starting Wait until snapd is fully seeded...
[[0;32m  OK  [0m] Started Wait until snapd is fully seeded.
         Starting Apply the settings specified in cloud-config...
[[0;32m  OK  [0m] Reached target Multi-User System.
[[0;32m  OK  [0m] Reached target Graphical Interface.
         Starting Update UTMP about System Runlevel Changes...
[[0;32m  OK  [0m] Started Update UTMP about System Runlevel Changes.
[   11.796556] cloud-init[1356]: Cloud-init v. 21.1-19-gbad84ad4-0ubuntu1~16.04.2 running 'modules:config' at Sat, 17 Jun 2023 13:05:30 +0000. Up 11.75 seconds.
[[0;32m  OK  [0m] Started Apply the settings specified in cloud-config.
         Starting Execute cloud user/final scripts...
[   11.981826] cloud-init[1377]: Cloud-init v. 21.1-19-gbad84ad4-0ubuntu1~16.04.2 running 'modules:final' at Sat, 17 Jun 2023 13:05:30 +0000. Up 11.93 seconds.
[   11.982844] cloud-init[1377]: Cloud[15248.195897] e1000 0000:00:08.0 enp0s8: Reset adapter
[23657.154448] e1000 0000:00:08.0 enp0s8: Reset adapter
oud [seed=/dev/sdb][dsmode=net].  Up 11.97 seconds
[[0;32m  OK  [0m] Started Execute cloud user/final scripts.
[[0;32m  OK  [0m] Reached target Cloud-init target.

Ubuntu 16.04.7 LTS appserver ttyS0

appserver login: [15201.848625] e1000 0000:00:08.0 enp0s8: Reset adapter
[23610.930160] e1000 0000:00:08.0 enp0s8: Reset adapter
